C:\USERS\DANIM\WORKSPACE\CUDAPSO\CUDAPSO\DEBUG\FUNCTORS.OBJ
C:\USERS\DANIM\WORKSPACE\CUDAPSO\CUDAPSO\DEBUG\PSOBASE.OBJ
C:\USERS\DANIM\WORKSPACE\CUDAPSO\CUDAPSO\DEBUG\VC110.PDB
C:\Users\danim\workspace\CudaPSO\CudaPSO\Debug\Main.cu.cache
C:\Users\danim\workspace\CudaPSO\CudaPSO\Debug\SPSO.cu.cache
C:\Users\danim\workspace\CudaPSO\CudaPSO\Debug\SPSO_kernels.cu.cache
C:\Users\danim\workspace\CudaPSO\CudaPSO\Debug\Functors.obj
C:\Users\danim\workspace\CudaPSO\CudaPSO\Debug\Main.cu.obj
C:\Users\danim\workspace\CudaPSO\CudaPSO\Debug\PSOBase.obj
C:\Users\danim\workspace\CudaPSO\CudaPSO\Debug\SPSO.cu.obj
C:\Users\danim\workspace\CudaPSO\CudaPSO\Debug\SPSO_kernels.cu.obj
C:\Users\danim\workspace\CudaPSO\CudaPSO\Debug\cl.command.1.tlog
C:\Users\danim\workspace\CudaPSO\CudaPSO\Debug\CL.read.1.tlog
C:\Users\danim\workspace\CudaPSO\CudaPSO\Debug\CL.write.1.tlog
C:\Users\danim\workspace\CudaPSO\CudaPSO\Debug\link-cvtres.read.1.tlog
C:\Users\danim\workspace\CudaPSO\CudaPSO\Debug\link-cvtres.write.1.tlog
C:\Users\danim\workspace\CudaPSO\CudaPSO\Debug\link-rc.read.1.tlog
C:\Users\danim\workspace\CudaPSO\CudaPSO\Debug\link-rc.write.1.tlog
C:\Users\danim\workspace\CudaPSO\CudaPSO\Debug\link.17748-cvtres.read.1.tlog
C:\Users\danim\workspace\CudaPSO\CudaPSO\Debug\link.17748-cvtres.write.1.tlog
C:\Users\danim\workspace\CudaPSO\CudaPSO\Debug\link.17748-rc.read.1.tlog
C:\Users\danim\workspace\CudaPSO\CudaPSO\Debug\link.17748-rc.write.1.tlog
C:\Users\danim\workspace\CudaPSO\CudaPSO\Debug\link.17748.read.1.tlog
C:\Users\danim\workspace\CudaPSO\CudaPSO\Debug\link.17748.write.1.tlog
C:\Users\danim\workspace\CudaPSO\CudaPSO\Debug\link.command.1.tlog
C:\Users\danim\workspace\CudaPSO\CudaPSO\Debug\link.read.1.tlog
C:\Users\danim\workspace\CudaPSO\CudaPSO\Debug\link.write.1.tlog
C:\Users\danim\workspace\CudaPSO\CudaPSO\Debug\vc110.idb
C:\Users\danim\workspace\CudaPSO\CudaPSO\Debug\vc110.pdb
C:\Users\danim\workspace\CudaPSO\Debug\CudaPSO.pdb
