C:\USERS\DANIM\WORKSPACE\CUDAPSO\CUDAPSOMULTIBLOCK\DEBUG\MAIN.OBJ
C:\USERS\DANIM\WORKSPACE\CUDAPSO\CUDAPSOMULTIBLOCK\DEBUG\PSOBASE.OBJ
C:\USERS\DANIM\WORKSPACE\CUDAPSO\CUDAPSOMULTIBLOCK\DEBUG\VC110.PDB
C:\USERS\DANIM\WORKSPACE\CUDAPSO\DEBUG\CUDAPSOMULTIBLOCK.ILK
C:\USERS\DANIM\WORKSPACE\CUDAPSO\DEBUG\CUDAPSOMULTIBLOCK.EXE
C:\USERS\DANIM\WORKSPACE\CUDAPSO\DEBUG\CUDAPSOMULTIBLOCK.PDB
C:\Users\danim\workspace\CudaPSO\CudaPSOMultiBlock\Debug\PSOCuda.cu.cache
C:\Users\danim\workspace\CudaPSO\CudaPSOMultiBlock\Debug\Main.obj
C:\Users\danim\workspace\CudaPSO\CudaPSOMultiBlock\Debug\PSOBase.obj
C:\Users\danim\workspace\CudaPSO\CudaPSOMultiBlock\Debug\PSOCuda.cu.obj
C:\Users\danim\workspace\CudaPSO\CudaPSOMultiBlock\Debug\cl.command.1.tlog
C:\Users\danim\workspace\CudaPSO\CudaPSOMultiBlock\Debug\CL.read.1.tlog
C:\Users\danim\workspace\CudaPSO\CudaPSOMultiBlock\Debug\CL.write.1.tlog
C:\Users\danim\workspace\CudaPSO\CudaPSOMultiBlock\Debug\link-cvtres.read.1.tlog
C:\Users\danim\workspace\CudaPSO\CudaPSOMultiBlock\Debug\link-cvtres.write.1.tlog
C:\Users\danim\workspace\CudaPSO\CudaPSOMultiBlock\Debug\link-rc.read.1.tlog
C:\Users\danim\workspace\CudaPSO\CudaPSOMultiBlock\Debug\link-rc.write.1.tlog
C:\Users\danim\workspace\CudaPSO\CudaPSOMultiBlock\Debug\link.10904-cvtres.read.1.tlog
C:\Users\danim\workspace\CudaPSO\CudaPSOMultiBlock\Debug\link.10904-cvtres.write.1.tlog
C:\Users\danim\workspace\CudaPSO\CudaPSOMultiBlock\Debug\link.10904-rc.read.1.tlog
C:\Users\danim\workspace\CudaPSO\CudaPSOMultiBlock\Debug\link.10904-rc.write.1.tlog
C:\Users\danim\workspace\CudaPSO\CudaPSOMultiBlock\Debug\link.10904.read.1.tlog
C:\Users\danim\workspace\CudaPSO\CudaPSOMultiBlock\Debug\link.10904.write.1.tlog
C:\Users\danim\workspace\CudaPSO\CudaPSOMultiBlock\Debug\link.command.1.tlog
C:\Users\danim\workspace\CudaPSO\CudaPSOMultiBlock\Debug\link.read.1.tlog
C:\Users\danim\workspace\CudaPSO\CudaPSOMultiBlock\Debug\link.write.1.tlog
C:\Users\danim\workspace\CudaPSO\CudaPSOMultiBlock\Debug\vc110.idb
C:\Users\danim\workspace\CudaPSO\CudaPSOMultiBlock\Debug\vc110.pdb
C:\Users\danim\workspace\CudaPSO\Debug\CudaPSOMultiBlock.pdb
C:\Users\danim\workspace\CudaPSO\Debug\CudaPSOMultiBlock.exe
C:\Users\danim\workspace\CudaPSO\Debug\CudaPSOMultiBlock.ilk
